Expression	Value	Location	Type	
ab	Error (col 1): Unknown or ambiguous symbol. ab			
testInput_f32_10khz	Error (col 1): Unknown or ambiguous symbol. testInput_f32_10khz			
ADC_flag_fft	'.' (0x01)	0x2000'8a36	uint8_t	
ADC_buf	<array>	0x2000'56d0	q31_t[1024]	
ADC_arr	<array>	0x2000'66d0	float32_t[1024]	
ADC_fft	<array>	0x2000'36d0	float32_t[2048]	
Spectr_fft	<array>	0x2000'76d0	float32_t[1024]	
[0]	1.39'639'294E-3	0x2000'76d0	float32_t	
[1]	7.93'654'749E-7	0x2000'76d4	float32_t	
[2]	7.75'417'334E-7	0x2000'76d8	float32_t	
[3]	8.70'141'662E-7	0x2000'76dc	float32_t	
[4]	3.81'566'139E-7	0x2000'76e0	float32_t	
[5]	9.45'591'125E-7	0x2000'76e4	float32_t	
[6]	9.17'711'475E-7	0x2000'76e8	float32_t	
[7]	7.65'025'959E-7	0x2000'76ec	float32_t	
[8]	5.2'241'711E-7	0x2000'76f0	float32_t	
[9]	3.60'453'534E-8	0x2000'76f4	float32_t	
[10]	1.4'869'245E-7	0x2000'76f8	float32_t	
[11]	3.81'262'652E-7	0x2000'76fc	float32_t	
[12]	3.07'748'508E-7	0x2000'7700	float32_t	
[13]	1.2'600'043E-6	0x2000'7704	float32_t	
[14]	3.18'584'995E-7	0x2000'7708	float32_t	
[15]	7.79'305'765E-7	0x2000'770c	float32_t	
[16]	4.71'471'594E-7	0x2000'7710	float32_t	
[17]	6.63'426'931E-7	0x2000'7714	float32_t	
[18]	7.35'868'184E-7	0x2000'7718	float32_t	
[19]	9.51'242'441E-7	0x2000'771c	float32_t	
[20]	1.10'176'927E-6	0x2000'7720	float32_t	
[21]	9.81'904'691E-7	0x2000'7724	float32_t	
[22]	9.27'690'451E-7	0x2000'7728	float32_t	
[23]	5.73'706'472E-7	0x2000'772c	float32_t	
[24]	3.82'426'521E-7	0x2000'7730	float32_t	
[25]	5.31'722'151E-7	0x2000'7734	float32_t	
[26]	7.16'039'665E-7	0x2000'7738	float32_t	
[27]	3.08'702'397E-7	0x2000'773c	float32_t	
[28]	3.88'372'285E-7	0x2000'7740	float32_t	
[29]	3.98'030'778E-7	0x2000'7744	float32_t	
[30]	8.70'454'585E-7	0x2000'7748	float32_t	
[31]	6.49'373'135E-7	0x2000'774c	float32_t	
[32]	3.56'646'098E-7	0x2000'7750	float32_t	
[33]	7.93'586'139E-7	0x2000'7754	float32_t	
[34]	4.93'512'573E-7	0x2000'7758	float32_t	
[35]	7.3'164'648E-7	0x2000'775c	float32_t	
[36]	6.39'902'168E-7	0x2000'7760	float32_t	
[37]	5.5'936'033E-7	0x2000'7764	float32_t	
[38]	3.02'303'647E-7	0x2000'7768	float32_t	
[39]	6.43'415'603E-7	0x2000'776c	float32_t	
[40]	1.05'856'236E-6	0x2000'7770	float32_t	
[41]	4.24'172'924E-7	0x2000'7774	float32_t	
[42]	1.06'550'237E-6	0x2000'7778	float32_t	
[43]	7.81'600'306E-7	0x2000'777c	float32_t	
[44]	1.15'268'426E-6	0x2000'7780	float32_t	
[45]	6.40'867'881E-7	0x2000'7784	float32_t	
[46]	5.73'332'045E-7	0x2000'7788	float32_t	
[47]	5.74'627'393E-7	0x2000'778c	float32_t	
[48]	4.45'910'558E-7	0x2000'7790	float32_t	
[49]	8.0'703'478E-7	0x2000'7794	float32_t	
[50]	5.76'044'726E-7	0x2000'7798	float32_t	
[51]	1.18'202'081E-6	0x2000'779c	float32_t	
[52]	1.27'675'619E-7	0x2000'77a0	float32_t	
[53]	8.59'074'248E-7	0x2000'77a4	float32_t	
[54]	8.64'702'088E-7	0x2000'77a8	float32_t	
[55]	9.06'576'247E-7	0x2000'77ac	float32_t	
[56]	4.84'056'443E-7	0x2000'77b0	float32_t	
[57]	1.32'073'728E-6	0x2000'77b4	float32_t	
[58]	1.00'250'929E-6	0x2000'77b8	float32_t	
[59]	1.26'457'735E-6	0x2000'77bc	float32_t	
[60]	8.53'602'955E-7	0x2000'77c0	float32_t	
[61]	4.95'832'353E-7	0x2000'77c4	float32_t	
[62]	7.09'841'345E-7	0x2000'77c8	float32_t	
[63]	1.68'801'932E-7	0x2000'77cc	float32_t	
[64]	1.00'965'042E-6	0x2000'77d0	float32_t	
[65]	1.1'951'953E-6	0x2000'77d4	float32_t	
[66]	2.21'793'152E-6	0x2000'77d8	float32_t	
[67]	1.58'710'873E-6	0x2000'77dc	float32_t	
[68]	2.47'627'167E-6	0x2000'77e0	float32_t	
[69]	9.46'061'448E-7	0x2000'77e4	float32_t	
[70]	1.75'162'972E-6	0x2000'77e8	float32_t	
[71]	2.95'078'871E-6	0x2000'77ec	float32_t	
[72]	2.68'358'485E-6	0x2000'77f0	float32_t	
[73]	4.48'377'432E-6	0x2000'77f4	float32_t	
[74]	1.90'252'615E-6	0x2000'77f8	float32_t	
[75]	3.35'468'803E-6	0x2000'77fc	float32_t	
[76]	5.60'122'953E-6	0x2000'7800	float32_t	
[77]	4.98'836'971E-6	0x2000'7804	float32_t	
[78]	2.54'159'913E-5	0x2000'7808	float32_t	
[79]	1.12'585'585E-5	0x2000'780c	float32_t	
[80]	4.20'837'432E-6	0x2000'7810	float32_t	
[81]	7.02'364'286E-6	0x2000'7814	float32_t	
[82]	2.73'090'791E-6	0x2000'7818	float32_t	
[83]	3.35'211'075E-6	0x2000'781c	float32_t	
[84]	1.02'014'235E-6	0x2000'7820	float32_t	
[85]	8.41'443'409E-7	0x2000'7824	float32_t	
[86]	2.1'545'809E-6	0x2000'7828	float32_t	
[87]	1.40'040'686E-6	0x2000'782c	float32_t	
[88]	2.8'749'937E-6	0x2000'7830	float32_t	
[89]	1.59'586'432E-6	0x2000'7834	float32_t	
[90]	2.11'431'507E-6	0x2000'7838	float32_t	
[91]	8.73'837'678E-7	0x2000'783c	float32_t	
[92]	1.0'663'972E-6	0x2000'7840	float32_t	
[93]	1.81'268'933E-6	0x2000'7844	float32_t	
[94]	1.27'045'769E-6	0x2000'7848	float32_t	
[95]	1.98'995'576E-6	0x2000'784c	float32_t	
[96]	5.52'757'399E-7	0x2000'7850	float32_t	
[97]	7.74'207'592E-7	0x2000'7854	float32_t	
[98]	5.22'594'462E-7	0x2000'7858	float32_t	
[99]	1.63'609'712E-7	0x2000'785c	float32_t	
[100]	6.72'543'422E-7	0x2000'7860	float32_t	
[101]	6.61'956'051E-7	0x2000'7864	float32_t	
[102]	3.25'757'867E-7	0x2000'7868	float32_t	
[103]	1.98'757'698E-6	0x2000'786c	float32_t	
[104]	6.51'275'968E-7	0x2000'7870	float32_t	
[105]	1.14'506'804E-6	0x2000'7874	float32_t	
[106]	5.50'673'235E-7	0x2000'7878	float32_t	
[107]	4.97'327'619E-7	0x2000'787c	float32_t	
[108]	1.12'078'385E-6	0x2000'7880	float32_t	
[109]	8.75'099'033E-7	0x2000'7884	float32_t	
[110]	1.29'252'112E-6	0x2000'7888	float32_t	
[111]	4.72'658'485E-7	0x2000'788c	float32_t	
[112]	6.22'960'329E-7	0x2000'7890	float32_t	
[113]	5.83'718'645E-7	0x2000'7894	float32_t	
[114]	5.68'016'901E-7	0x2000'7898	float32_t	
[115]	1.00'598'186E-6	0x2000'789c	float32_t	
[116]	5.60'589'115E-7	0x2000'78a0	float32_t	
[117]	9.19'506'306E-7	0x2000'78a4	float32_t	
[118]	2.5'431'234E-7	0x2000'78a8	float32_t	
[119]	3.30'576'086E-7	0x2000'78ac	float32_t	
[120]	3.90'332'872E-7	0x2000'78b0	float32_t	
[121]	1.44'141'254E-7	0x2000'78b4	float32_t	
[122]	3.46'158'146E-7	0x2000'78b8	float32_t	
[123]	3.94'488'097E-7	0x2000'78bc	float32_t	
[124]	4.49'839'518E-7	0x2000'78c0	float32_t	
[125]	9.6'710'562E-7	0x2000'78c4	float32_t	
[126]	5.09'130'757E-7	0x2000'78c8	float32_t	
[127]	4.92'902'927E-7	0x2000'78cc	float32_t	
[128]	6.87'148'201E-7	0x2000'78d0	float32_t	
[129]	1.18'832'816E-6	0x2000'78d4	float32_t	
[130]	1.03'516'504E-6	0x2000'78d8	float32_t	
[131]	1.01'972'955E-6	0x2000'78dc	float32_t	
[132]	1.30'969'283E-6	0x2000'78e0	float32_t	
[133]	7.90'844'751E-7	0x2000'78e4	float32_t	
[134]	4.83'410'929E-7	0x2000'78e8	float32_t	
[135]	8.4'205'152E-7	0x2000'78ec	float32_t	
[136]	5.01'138'913E-7	0x2000'78f0	float32_t	
[137]	1.06'669'961E-6	0x2000'78f4	float32_t	
[138]	3.80'502'996E-7	0x2000'78f8	float32_t	
[139]	7.64'797'733E-7	0x2000'78fc	float32_t	
[140]	1.43'567'746E-7	0x2000'7900	float32_t	
[141]	2.10'428'411E-7	0x2000'7904	float32_t	
[142]	6.08'430'298E-7	0x2000'7908	float32_t	
[143]	9.40'896'598E-7	0x2000'790c	float32_t	
[144]	1.23'361'497E-6	0x2000'7910	float32_t	
[145]	6.48'605'862E-7	0x2000'7914	float32_t	
[146]	9.90'321'382E-7	0x2000'7918	float32_t	
[147]	7.00'978'319E-7	0x2000'791c	float32_t	
[148]	3.40'562'309E-7	0x2000'7920	float32_t	
[149]	1.57'724'048E-6	0x2000'7924	float32_t	
[150]	8.41'622'125E-7	0x2000'7928	float32_t	
[151]	1.34'622'508E-6	0x2000'792c	float32_t	
[152]	2.55'081'522E-6	0x2000'7930	float32_t	
[153]	1.16'927'424E-6	0x2000'7934	float32_t	
[154]	6.94'983'555E-6	0x2000'7938	float32_t	
[155]	2.85'361'807E-6	0x2000'793c	float32_t	
[156]	5.50'036'066E-6	0x2000'7940	float32_t	
[157]	7.31'799'628E-6	0x2000'7944	float32_t	
[158]	2.16'857'529E-6	0x2000'7948	float32_t	
[159]	3.69'904'137E-6	0x2000'794c	float32_t	
[160]	6.71'544'342E-7	0x2000'7950	float32_t	
[161]	9.37'841'719E-7	0x2000'7954	float32_t	
[162]	1.28'122'542E-6	0x2000'7958	float32_t	
[163]	3.17'203'558E-7	0x2000'795c	float32_t	
[164]	1.3'898'773E-6	0x2000'7960	float32_t	
[165]	3.66'202'954E-7	0x2000'7964	float32_t	
[166]	9.43'872'351E-7	0x2000'7968	float32_t	
[167]	4.59'861'155E-7	0x2000'796c	float32_t	
[168]	1.58'574'596E-6	0x2000'7970	float32_t	
[169]	1.21'035'009E-6	0x2000'7974	float32_t	
[170]	5.51'685'446E-7	0x2000'7978	float32_t	
[171]	1.27'549'845E-6	0x2000'797c	float32_t	
[172]	5.52'130'586E-7	0x2000'7980	float32_t	
[173]	8.59'440'888E-7	0x2000'7984	float32_t	
[174]	1.98'920'944E-7	0x2000'7988	float32_t	
[175]	2.02'466'054E-7	0x2000'798c	float32_t	
[176]	5.77'660'899E-7	0x2000'7990	float32_t	
[177]	4.0'296'996E-7	0x2000'7994	float32_t	
[178]	5.62'189'655E-7	0x2000'7998	float32_t	
[179]	9.18'687'064E-8	0x2000'799c	float32_t	
[180]	3.45'551'513E-7	0x2000'79a0	float32_t	
[181]	7.052'829E-7	0x2000'79a4	float32_t	
[182]	4.78'049'174E-7	0x2000'79a8	float32_t	
[183]	4.64'083'371E-7	0x2000'79ac	float32_t	
[184]	4.91'897'197E-7	0x2000'79b0	float32_t	
[185]	3.23'229'983E-7	0x2000'79b4	float32_t	
[186]	3.72'645'985E-7	0x2000'79b8	float32_t	
[187]	3.20'392'559E-7	0x2000'79bc	float32_t	
[188]	2.38'959'274E-7	0x2000'79c0	float32_t	
[189]	2.96'841'051E-7	0x2000'79c4	float32_t	
[190]	4.15'919'374E-7	0x2000'79c8	float32_t	
[191]	4.5'424'008E-7	0x2000'79cc	float32_t	
[192]	4.09'074'062E-7	0x2000'79d0	float32_t	
[193]	3.45'089'546E-7	0x2000'79d4	float32_t	
[194]	3.89'709'157E-7	0x2000'79d8	float32_t	
[195]	4.34'491'369E-7	0x2000'79dc	float32_t	
[196]	5.45'399'743E-8	0x2000'79e0	float32_t	
[197]	1.12'941'244E-7	0x2000'79e4	float32_t	
[198]	3.34'648'945E-7	0x2000'79e8	float32_t	
[199]	2.13'091'056E-7	0x2000'79ec	float32_t	
[200]	3.25'948'804E-7	0x2000'79f0	float32_t	
[201]	8.47'296'349E-8	0x2000'79f4	float32_t	
[202]	9.22'562'151E-8	0x2000'79f8	float32_t	
[203]	1.15'256'554E-7	0x2000'79fc	float32_t	
[204]	5.25'748'156E-8	0x2000'7a00	float32_t	
[205]	8.12'557'062E-8	0x2000'7a04	float32_t	
[206]	3.42'181'437E-7	0x2000'7a08	float32_t	
[207]	3.4'596'394E-7	0x2000'7a0c	float32_t	
[208]	1.18'771'183E-7	0x2000'7a10	float32_t	
[209]	1.10'540'121E-7	0x2000'7a14	float32_t	
[210]	2.46'113'359E-7	0x2000'7a18	float32_t	
[211]	2.43'893'169E-7	0x2000'7a1c	float32_t	
[212]	2.67'903'374E-7	0x2000'7a20	float32_t	
[213]	2.9'016'914E-7	0x2000'7a24	float32_t	
[214]	2.15'771'209E-7	0x2000'7a28	float32_t	
[215]	2.04'225'316E-7	0x2000'7a2c	float32_t	
[216]	6.60'802'328E-8	0x2000'7a30	float32_t	
[217]	3.30'637'306E-7	0x2000'7a34	float32_t	
[218]	1.85'624'117E-7	0x2000'7a38	float32_t	
[219]	6.92'764'161E-7	0x2000'7a3c	float32_t	
[220]	4.44'917'475E-7	0x2000'7a40	float32_t	
[221]	9.71'082'841E-7	0x2000'7a44	float32_t	
[222]	3.70'567'534E-7	0x2000'7a48	float32_t	
[223]	3.84'642'874E-7	0x2000'7a4c	float32_t	
[224]	2.29'988'984E-7	0x2000'7a50	float32_t	
[225]	2.47'164'877E-7	0x2000'7a54	float32_t	
[226]	4.94'284'507E-8	0x2000'7a58	float32_t	
[227]	5.14'761'318E-8	0x2000'7a5c	float32_t	
[228]	2.24'792'572E-7	0x2000'7a60	float32_t	
[229]	2.80'295'666E-7	0x2000'7a64	float32_t	
[230]	5.50'563'243E-7	0x2000'7a68	float32_t	
[231]	5.04'789'227E-7	0x2000'7a6c	float32_t	
[232]	1.05'457'423E-6	0x2000'7a70	float32_t	
[233]	8.43'236'364E-7	0x2000'7a74	float32_t	
[234]	3.37'589'341E-7	0x2000'7a78	float32_t	
[235]	1.23'196'639E-6	0x2000'7a7c	float32_t	
[236]	1.88'689'114E-7	0x2000'7a80	float32_t	
[237]	5.04'343'859E-7	0x2000'7a84	float32_t	
[238]	2.64'446'982E-7	0x2000'7a88	float32_t	
[239]	8.04'825'433E-8	0x2000'7a8c	float32_t	
[240]	4.21'513'619E-7	0x2000'7a90	float32_t	
[241]	2.32'290'901E-7	0x2000'7a94	float32_t	
[242]	3.58'377'292E-7	0x2000'7a98	float32_t	
[243]	1.4'705'131E-7	0x2000'7a9c	float32_t	
[244]	1.07'297'033E-7	0x2000'7aa0	float32_t	
[245]	2.04'159'107E-7	0x2000'7aa4	float32_t	
[246]	1.4'659'222E-6	0x2000'7aa8	float32_t	
[247]	4.25'672'397E-7	0x2000'7aac	float32_t	
[248]	3.92'493'462E-7	0x2000'7ab0	float32_t	
[249]	4.7'699'632E-7	0x2000'7ab4	float32_t	
[250]	1.98'598'315E-7	0x2000'7ab8	float32_t	
[251]	2.40'432'286E-7	0x2000'7abc	float32_t	
[252]	1.32'322'114E-7	0x2000'7ac0	float32_t	
[253]	2.52'277'516E-7	0x2000'7ac4	float32_t	
[254]	3.44'261'707E-7	0x2000'7ac8	float32_t	
[255]	2.18'150'134E-7	0x2000'7acc	float32_t	
[256]	2.58'986'802E-7	0x2000'7ad0	float32_t	
[257]	2.6'131'238E-7	0x2000'7ad4	float32_t	
[258]	1.83'728'801E-7	0x2000'7ad8	float32_t	
[259]	3.7'593'378E-7	0x2000'7adc	float32_t	
[260]	7.5'791'803E-7	0x2000'7ae0	float32_t	
[261]	2.92'343'202E-7	0x2000'7ae4	float32_t	
[262]	4.68'533'358E-7	0x2000'7ae8	float32_t	
[263]	2.68'541'584E-7	0x2000'7aec	float32_t	
[264]	3.82'371'837E-7	0x2000'7af0	float32_t	
[265]	1.72'124'331E-7	0x2000'7af4	float32_t	
[266]	1.9'610'583E-7	0x2000'7af8	float32_t	
[267]	3.6'226'524E-7	0x2000'7afc	float32_t	
[268]	1.2'121'366E-7	0x2000'7b00	float32_t	
[269]	3.64'940'803E-7	0x2000'7b04	float32_t	
[270]	1.59'736'899E-7	0x2000'7b08	float32_t	
[271]	3.74'460'143E-7	0x2000'7b0c	float32_t	
[272]	2.63'207'312E-7	0x2000'7b10	float32_t	
[273]	1.4'495'842E-7	0x2000'7b14	float32_t	
[274]	1.36'592'718E-7	0x2000'7b18	float32_t	
[275]	9.42'988'194E-8	0x2000'7b1c	float32_t	
[276]	6.89'475'854E-8	0x2000'7b20	float32_t	
[277]	1.09'687'754E-7	0x2000'7b24	float32_t	
[278]	7.28'778'815E-8	0x2000'7b28	float32_t	
[279]	1.26'084'501E-7	0x2000'7b2c	float32_t	
[280]	9.9'330'336E-8	0x2000'7b30	float32_t	
[281]	3.53'982'386E-7	0x2000'7b34	float32_t	
[282]	1.82'996'672E-7	0x2000'7b38	float32_t	
[283]	2.62'486'054E-7	0x2000'7b3c	float32_t	
[284]	6.07'800'928E-7	0x2000'7b40	float32_t	
[285]	3.35'838'422E-7	0x2000'7b44	float32_t	
[286]	7.05'661'989E-7	0x2000'7b48	float32_t	
[287]	3.40'009'564E-7	0x2000'7b4c	float32_t	
[288]	4.08'190'921E-8	0x2000'7b50	float32_t	
[289]	3.67'032'612E-7	0x2000'7b54	float32_t	
[290]	3.84'617'664E-7	0x2000'7b58	float32_t	
[291]	4.30'763'265E-7	0x2000'7b5c	float32_t	
[292]	3.77'087'673E-7	0x2000'7b60	float32_t	
[293]	2.31'212'937E-7	0x2000'7b64	float32_t	
[294]	4.61'147'863E-7	0x2000'7b68	float32_t	
[295]	3.95'552'178E-7	0x2000'7b6c	float32_t	
[296]	3.97'878'381E-7	0x2000'7b70	float32_t	
[297]	6.47'159'993E-7	0x2000'7b74	float32_t	
[298]	1.11'836'115E-7	0x2000'7b78	float32_t	
[299]	3.86'772'143E-7	0x2000'7b7c	float32_t	
[300]	3.41'580'858E-7	0x2000'7b80	float32_t	
[301]	5.77'343'428E-7	0x2000'7b84	float32_t	
[302]	2.61'151'825E-7	0x2000'7b88	float32_t	
[303]	5.87'943'134E-7	0x2000'7b8c	float32_t	
[304]	6.88'851'429E-8	0x2000'7b90	float32_t	
[305]	2.46'070'812E-7	0x2000'7b94	float32_t	
[306]	6.9'400'329E-7	0x2000'7b98	float32_t	
[307]	6.06'073'399E-7	0x2000'7b9c	float32_t	
[308]	1.67'935'752E-6	0x2000'7ba0	float32_t	
[309]	1.28'157'296E-6	0x2000'7ba4	float32_t	
[310]	2.96'591'224E-6	0x2000'7ba8	float32_t	
[311]	6.56'165'594E-6	0x2000'7bac	float32_t	
[312]	9.48'373'383E-7	0x2000'7bb0	float32_t	
[313]	1.24'164'865E-6	0x2000'7bb4	float32_t	
[314]	6.30'244'188E-7	0x2000'7bb8	float32_t	
[315]	5.4'918'462E-7	0x2000'7bbc	float32_t	
[316]	9.32'021'408E-7	0x2000'7bc0	float32_t	
[317]	5.86'556'212E-7	0x2000'7bc4	float32_t	
[318]	7.55'633'266E-7	0x2000'7bc8	float32_t	
[319]	3.59'215'193E-7	0x2000'7bcc	float32_t	
[320]	2.67'374'674E-7	0x2000'7bd0	float32_t	
[321]	5.858'912E-7	0x2000'7bd4	float32_t	
[322]	4.35'082'029E-7	0x2000'7bd8	float32_t	
[323]	4.80'827'452E-7	0x2000'7bdc	float32_t	
[324]	3.86'964'217E-7	0x2000'7be0	float32_t	
[325]	3.06'653'106E-7	0x2000'7be4	float32_t	
[326]	2.21'155'947E-8	0x2000'7be8	float32_t	
[327]	1.48'878'101E-7	0x2000'7bec	float32_t	
[328]	1.54'780'935E-7	0x2000'7bf0	float32_t	
[329]	3.05'661'899E-7	0x2000'7bf4	float32_t	
[330]	3.34'378'313E-7	0x2000'7bf8	float32_t	
[331]	4.00'129'409E-7	0x2000'7bfc	float32_t	
[332]	4.26'899'447E-7	0x2000'7c00	float32_t	
[333]	2.7'360'997E-7	0x2000'7c04	float32_t	
[334]	1.2'841'879E-7	0x2000'7c08	float32_t	
[335]	1.66'231'899E-7	0x2000'7c0c	float32_t	
[336]	8.57'288'796E-7	0x2000'7c10	float32_t	
[337]	1.17'884'292E-6	0x2000'7c14	float32_t	
[338]	8.87'083'445E-7	0x2000'7c18	float32_t	
[339]	3.84'291'098E-7	0x2000'7c1c	float32_t	
[340]	3.55'905'797E-7	0x2000'7c20	float32_t	
[341]	3.50'881'862E-7	0x2000'7c24	float32_t	
[342]	2.415'008E-7	0x2000'7c28	float32_t	
[343]	3.05'390'785E-7	0x2000'7c2c	float32_t	
[344]	1.2'069'863E-7	0x2000'7c30	float32_t	
[345]	1.97'922'617E-7	0x2000'7c34	float32_t	
[346]	2.25'793'471E-7	0x2000'7c38	float32_t	
[347]	1.55'512'481E-7	0x2000'7c3c	float32_t	
[348]	2.87'991'554E-7	0x2000'7c40	float32_t	
[349]	3.78'841'037E-7	0x2000'7c44	float32_t	
[350]	3.32'664'854E-7	0x2000'7c48	float32_t	
[351]	3.0'422'779E-8	0x2000'7c4c	float32_t	
[352]	2.89'246'543E-7	0x2000'7c50	float32_t	
[353]	9.53'447'952E-8	0x2000'7c54	float32_t	
[354]	2.74'074'154E-7	0x2000'7c58	float32_t	
[355]	2.81'295'229E-7	0x2000'7c5c	float32_t	
[356]	3.60'255'342E-7	0x2000'7c60	float32_t	
[357]	2.48'267'042E-7	0x2000'7c64	float32_t	
[358]	2.15'400'007E-7	0x2000'7c68	float32_t	
[359]	4.44'658'951E-7	0x2000'7c6c	float32_t	
[360]	1.50'074'584E-7	0x2000'7c70	float32_t	
[361]	4.65'828'606E-7	0x2000'7c74	float32_t	
[362]	5.03'754'677E-7	0x2000'7c78	float32_t	
[363]	7.82'824'429E-7	0x2000'7c7c	float32_t	
[364]	6.92'142'464E-7	0x2000'7c80	float32_t	
[365]	1.95'298'966E-7	0x2000'7c84	float32_t	
[366]	1.5'727'376E-7	0x2000'7c88	float32_t	
[367]	2.11'129'844E-7	0x2000'7c8c	float32_t	
[368]	2.06'417'852E-7	0x2000'7c90	float32_t	
[369]	4.33'794'618E-8	0x2000'7c94	float32_t	
[370]	2.6'674'661E-7	0x2000'7c98	float32_t	
[371]	3.16'659'594E-7	0x2000'7c9c	float32_t	
[372]	3.85'764'821E-7	0x2000'7ca0	float32_t	
[373]	2.89'547'188E-7	0x2000'7ca4	float32_t	
[374]	1.33'116'231E-7	0x2000'7ca8	float32_t	
[375]	1.08'706'409E-7	0x2000'7cac	float32_t	
[376]	7.10'494'874E-7	0x2000'7cb0	float32_t	
[377]	3.13'633'336E-7	0x2000'7cb4	float32_t	
[378]	2.84'771'119E-7	0x2000'7cb8	float32_t	
[379]	1.85'680'918E-7	0x2000'7cbc	float32_t	
[380]	2.428'676E-7	0x2000'7cc0	float32_t	
[381]	1.34'173'277E-7	0x2000'7cc4	float32_t	
[382]	2.28'616'145E-7	0x2000'7cc8	float32_t	
[383]	1.19'361'232E-7	0x2000'7ccc	float32_t	
[384]	3.06'187'758E-7	0x2000'7cd0	float32_t	
[385]	1.5'885'206E-7	0x2000'7cd4	float32_t	
[386]	2.9'376'011E-7	0x2000'7cd8	float32_t	
[387]	4.87'912'928E-7	0x2000'7cdc	float32_t	
[388]	3.04'384'628E-7	0x2000'7ce0	float32_t	
[389]	4.96'256'462E-6	0x2000'7ce4	float32_t	
[390]	3.74'285'889E-7	0x2000'7ce8	float32_t	
[391]	2.30'959'202E-7	0x2000'7cec	float32_t	
[392]	1.45'077'024E-7	0x2000'7cf0	float32_t	
[393]	3.28'489'762E-7	0x2000'7cf4	float32_t	
[394]	6.5'481'565E-8	0x2000'7cf8	float32_t	
[395]	3.80'749'981E-7	0x2000'7cfc	float32_t	
[396]	6.98'549'769E-8	0x2000'7d00	float32_t	
[397]	8.44'224'743E-8	0x2000'7d04	float32_t	
[398]	5.31'752'391E-7	0x2000'7d08	float32_t	
[399]	2.91'620'836E-7	0x2000'7d0c	float32_t	
[400]	9.79'760'557E-7	0x2000'7d10	float32_t	
[401]	4.42'963'511E-7	0x2000'7d14	float32_t	
[402]	1.18'366'552E-6	0x2000'7d18	float32_t	
[403]	1.24'453'913E-6	0x2000'7d1c	float32_t	
[404]	2.79'276'179E-7	0x2000'7d20	float32_t	
[405]	4.9'126'163E-7	0x2000'7d24	float32_t	
[406]	1.67'656'097E-7	0x2000'7d28	float32_t	
[407]	9.74'308'065E-8	0x2000'7d2c	float32_t	
[408]	3.73'770'433E-7	0x2000'7d30	float32_t	
[409]	4.9'419'171E-8	0x2000'7d34	float32_t	
[410]	1.90'748'807E-7	0x2000'7d38	float32_t	
[411]	1.58'993'487E-7	0x2000'7d3c	float32_t	
[412]	1.3'677'419E-7	0x2000'7d40	float32_t	
[413]	2.56'582'666E-7	0x2000'7d44	float32_t	
[414]	6.62'750'153E-7	0x2000'7d48	float32_t	
[415]	3.65'889'804E-7	0x2000'7d4c	float32_t	
[416]	3.82'922'536E-7	0x2000'7d50	float32_t	
[417]	1.24'232'884E-7	0x2000'7d54	float32_t	
[418]	4.62'675'835E-8	0x2000'7d58	float32_t	
[419]	3.32'896'057E-8	0x2000'7d5c	float32_t	
[420]	1.49'836'794E-7	0x2000'7d60	float32_t	
[421]	1.60'546'051E-7	0x2000'7d64	float32_t	
[422]	2.01'542'903E-7	0x2000'7d68	float32_t	
[423]	9.85'510'127E-8	0x2000'7d6c	float32_t	
[424]	2.03'992'144E-7	0x2000'7d70	float32_t	
[425]	2.37'120'233E-7	0x2000'7d74	float32_t	
[426]	3.17'409'359E-7	0x2000'7d78	float32_t	
[427]	4.80'188'419E-7	0x2000'7d7c	float32_t	
[428]	4.16'917'089E-7	0x2000'7d80	float32_t	
[429]	5.63'654'282E-7	0x2000'7d84	float32_t	
[430]	1.74'568'512E-7	0x2000'7d88	float32_t	
[431]	1.09'074'129E-7	0x2000'7d8c	float32_t	
[432]	1.89'832'676E-7	0x2000'7d90	float32_t	
[433]	1.12'739'137E-7	0x2000'7d94	float32_t	
[434]	9.62'269'482E-8	0x2000'7d98	float32_t	
[435]	9.7'220'628E-8	0x2000'7d9c	float32_t	
[436]	6.87'015'742E-8	0x2000'7da0	float32_t	
[437]	2.57'869'516E-7	0x2000'7da4	float32_t	
[438]	1.54'395'195E-7	0x2000'7da8	float32_t	
[439]	1.27'423'135E-7	0x2000'7dac	float32_t	
[440]	3.26'543'414E-7	0x2000'7db0	float32_t	
[441]	8.11'197'225E-8	0x2000'7db4	float32_t	
[442]	2.05'770'817E-7	0x2000'7db8	float32_t	
[443]	1.43'966'204E-7	0x2000'7dbc	float32_t	
[444]	2.54'622'165E-7	0x2000'7dc0	float32_t	
[445]	1.70'657'273E-7	0x2000'7dc4	float32_t	
[446]	1.90'050'372E-7	0x2000'7dc8	float32_t	
[447]	2.26'730'222E-7	0x2000'7dcc	float32_t	
[448]	1.15'448'259E-7	0x2000'7dd0	float32_t	
[449]	3.54'313'528E-7	0x2000'7dd4	float32_t	
[450]	3.21'695'779E-7	0x2000'7dd8	float32_t	
[451]	3.71'066'193E-7	0x2000'7ddc	float32_t	
[452]	4.61'416'619E-7	0x2000'7de0	float32_t	
[453]	6.23'965'604E-7	0x2000'7de4	float32_t	
[454]	1.0'005'848E-6	0x2000'7de8	float32_t	
[455]	1.9'451'241E-7	0x2000'7dec	float32_t	
[456]	4.11'277'128E-8	0x2000'7df0	float32_t	
[457]	2.68'217'235E-7	0x2000'7df4	float32_t	
[458]	1.91'707'201E-8	0x2000'7df8	float32_t	
[459]	2.54'118'134E-7	0x2000'7dfc	float32_t	
[460]	2.94'474'791E-8	0x2000'7e00	float32_t	
[461]	5.07'423'401E-8	0x2000'7e04	float32_t	
[462]	1.46'063'542E-7	0x2000'7e08	float32_t	
[463]	1.1'103'279E-7	0x2000'7e0c	float32_t	
[464]	2.28'876'601E-7	0x2000'7e10	float32_t	
[465]	3.6'697'184E-8	0x2000'7e14	float32_t	
[466]	1.84'996'168E-7	0x2000'7e18	float32_t	
[467]	2.66'135'089E-7	0x2000'7e1c	float32_t	
[468]	3.77'502'431E-7	0x2000'7e20	float32_t	
[469]	3.10'078'946E-7	0x2000'7e24	float32_t	
[470]	3.69'160'631E-7	0x2000'7e28	float32_t	
[471]	3.96'875'436E-7	0x2000'7e2c	float32_t	
[472]	5.42'957'395E-8	0x2000'7e30	float32_t	
[473]	1.62'407'432E-7	0x2000'7e34	float32_t	
[474]	3.32'249'698E-7	0x2000'7e38	float32_t	
[475]	2.1'047'596E-7	0x2000'7e3c	float32_t	
[476]	9.94'791'776E-7	0x2000'7e40	float32_t	
[477]	4.59'106'246E-7	0x2000'7e44	float32_t	
[478]	1.61'216'792E-6	0x2000'7e48	float32_t	
[479]	1.13'122'849E-6	0x2000'7e4c	float32_t	
[480]	9.66'718'176E-7	0x2000'7e50	float32_t	
[481]	1.58'939'429E-6	0x2000'7e54	float32_t	
[482]	1.56'343'418E-7	0x2000'7e58	float32_t	
[483]	5.43'884'312E-7	0x2000'7e5c	float32_t	
[484]	2.94'866'282E-7	0x2000'7e60	float32_t	
[485]	3.13'218'834E-7	0x2000'7e64	float32_t	
[486]	4.40'870'764E-7	0x2000'7e68	float32_t	
[487]	3.11'274'562E-7	0x2000'7e6c	float32_t	
[488]	1.44'247'551E-7	0x2000'7e70	float32_t	
[489]	2.67'873'474E-7	0x2000'7e74	float32_t	
[490]	2.92'132'313E-7	0x2000'7e78	float32_t	
[491]	2.23'041'198E-7	0x2000'7e7c	float32_t	
[492]	6.7'439'089E-7	0x2000'7e80	float32_t	
[493]	2.23'422'774E-7	0x2000'7e84	float32_t	
[494]	2.44'710'691E-7	0x2000'7e88	float32_t	
[495]	2.88'300'921E-8	0x2000'7e8c	float32_t	
[496]	1.67'252'921E-7	0x2000'7e90	float32_t	
[497]	1.39'188'813E-7	0x2000'7e94	float32_t	
[498]	1.12'701'237E-7	0x2000'7e98	float32_t	
[499]	2.28'179'236E-8	0x2000'7e9c	float32_t	
[500]	1.29'962'032E-7	0x2000'7ea0	float32_t	
[501]	1.58'463'223E-7	0x2000'7ea4	float32_t	
[502]	1.5'139'112E-7	0x2000'7ea8	float32_t	
[503]	2.4'945'308E-7	0x2000'7eac	float32_t	
[504]	5.18'349'381E-8	0x2000'7eb0	float32_t	
[505]	5.16'167'404E-7	0x2000'7eb4	float32_t	
[506]	3.2'697'892E-7	0x2000'7eb8	float32_t	
[507]	3.01'911'001E-7	0x2000'7ebc	float32_t	
[508]	1.76'563'475E-7	0x2000'7ec0	float32_t	
[509]	2.08'830'215E-7	0x2000'7ec4	float32_t	
[510]	1.15'959'494E-7	0x2000'7ec8	float32_t	
[511]	2.14'433'683E-7	0x2000'7ecc	float32_t	
[512]	7.59'027'898E-8	0x2000'7ed0	float32_t	
[513]	2.14'433'712E-7	0x2000'7ed4	float32_t	
[514]	1.15'959'793E-7	0x2000'7ed8	float32_t	
[515]	2.08'830'116E-7	0x2000'7edc	float32_t	
[516]	1.76'563'589E-7	0x2000'7ee0	float32_t	
[517]	3.01'910'944E-7	0x2000'7ee4	float32_t	
[518]	3.2'697'892E-7	0x2000'7ee8	float32_t	
[519]	5.16'167'347E-7	0x2000'7eec	float32_t	
[520]	5.1'834'963E-8	0x2000'7ef0	float32_t	
[521]	2.49'453'137E-7	0x2000'7ef4	float32_t	
[522]	1.51'391'305E-7	0x2000'7ef8	float32_t	
[523]	1.58'463'124E-7	0x2000'7efc	float32_t	
[524]	1.29'962'118E-7	0x2000'7f00	float32_t	
[525]	2.2'817'856E-8	0x2000'7f04	float32_t	
[526]	1.12'701'422E-7	0x2000'7f08	float32_t	
[527]	1.39'188'955E-7	0x2000'7f0c	float32_t	
[528]	1.67'252'907E-7	0x2000'7f10	float32_t	
[529]	2.88'300'974E-8	0x2000'7f14	float32_t	
[530]	2.44'710'975E-7	0x2000'7f18	float32_t	
[531]	2.23'422'702E-7	0x2000'7f1c	float32_t	
[532]	6.7'439'089E-7	0x2000'7f20	float32_t	
[533]	2.23'041'326E-7	0x2000'7f24	float32_t	
[534]	2.92'132'256E-7	0x2000'7f28	float32_t	
[535]	2.67'873'503E-7	0x2000'7f2c	float32_t	
[536]	1.44'247'622E-7	0x2000'7f30	float32_t	
[537]	3.11'274'647E-7	0x2000'7f34	float32_t	
[538]	4.40'870'764E-7	0x2000'7f38	float32_t	
[539]	3.13'218'749E-7	0x2000'7f3c	float32_t	
[540]	2.94'866'396E-7	0x2000'7f40	float32_t	
[541]	5.43'884'369E-7	0x2000'7f44	float32_t	
[542]	1.56'343'333E-7	0x2000'7f48	float32_t	
[543]	1.58'939'429E-6	0x2000'7f4c	float32_t	
[544]	9.66'718'176E-7	0x2000'7f50	float32_t	
[545]	1.1'312'286E-6	0x2000'7f54	float32_t	
[546]	1.61'216'792E-6	0x2000'7f58	float32_t	
[547]	4.59'106'275E-7	0x2000'7f5c	float32_t	
[548]	9.94'791'776E-7	0x2000'7f60	float32_t	
[549]	2.1'047'606E-7	0x2000'7f64	float32_t	
[550]	3.32'249'613E-7	0x2000'7f68	float32_t	
[551]	1.62'407'318E-7	0x2000'7f6c	float32_t	
[552]	5.42'957'679E-8	0x2000'7f70	float32_t	
[553]	3.96'875'407E-7	0x2000'7f74	float32_t	
[554]	3.69'160'517E-7	0x2000'7f78	float32_t	
[555]	3.10'079'031E-7	0x2000'7f7c	float32_t	
[556]	3.7'750'246E-7	0x2000'7f80	float32_t	
[557]	2.66'135'203E-7	0x2000'7f84	float32_t	
[558]	1.84'995'884E-7	0x2000'7f88	float32_t	
[559]	3.66'971'911E-8	0x2000'7f8c	float32_t	
[560]	2.28'876'644E-7	0x2000'7f90	float32_t	
[561]	1.11'033'181E-7	0x2000'7f94	float32_t	
[562]	1.46'063'513E-7	0x2000'7f98	float32_t	
[563]	5.07'423'401E-8	0x2000'7f9c	float32_t	
[564]	2.94'476'177E-8	0x2000'7fa0	float32_t	
[565]	2.54'118'078E-7	0x2000'7fa4	float32_t	
[566]	1.91'709'759E-8	0x2000'7fa8	float32_t	
[567]	2.68'217'121E-7	0x2000'7fac	float32_t	
[568]	4.11'277'128E-8	0x2000'7fb0	float32_t	
[569]	1.94'512'523E-7	0x2000'7fb4	float32_t	
[570]	1.00'058'469E-6	0x2000'7fb8	float32_t	
[571]	6.23'965'775E-7	0x2000'7fbc	float32_t	
[572]	4.61'416'676E-7	0x2000'7fc0	float32_t	
[573]	3.71'066'278E-7	0x2000'7fc4	float32_t	
[574]	3.21'695'666E-7	0x2000'7fc8	float32_t	
[575]	3.54'313'556E-7	0x2000'7fcc	float32_t	
[576]	1.15'448'259E-7	0x2000'7fd0	float32_t	
[577]	2.26'730'165E-7	0x2000'7fd4	float32_t	
[578]	1.90'050'201E-7	0x2000'7fd8	float32_t	
[579]	1.70'657'287E-7	0x2000'7fdc	float32_t	
[580]	2.54'622'392E-7	0x2000'7fe0	float32_t	
[581]	1.43'966'076E-7	0x2000'7fe4	float32_t	
[582]	2.0'577'086E-7	0x2000'7fe8	float32_t	
[583]	8.1'119'758E-8	0x2000'7fec	float32_t	
[584]	3.26'543'272E-7	0x2000'7ff0	float32_t	
[585]	1.27'423'235E-7	0x2000'7ff4	float32_t	
[586]	1.54'395'337E-7	0x2000'7ff8	float32_t	
[587]	2.57'869'573E-7	0x2000'7ffc	float32_t	
[588]	6.87'017'305E-8	0x2000'8000	float32_t	
[589]	9.72'205'498E-8	0x2000'8004	float32_t	
[590]	9.62'278'861E-8	0x2000'8008	float32_t	
[591]	1.127'393E-7	0x2000'800c	float32_t	
[592]	1.89'832'917E-7	0x2000'8010	float32_t	
[593]	1.09'074'236E-7	0x2000'8014	float32_t	
[594]	1.74'568'498E-7	0x2000'8018	float32_t	
[595]	5.63'654'282E-7	0x2000'801c	float32_t	
[596]	4.16'917'146E-7	0x2000'8020	float32_t	
[597]	4.80'188'362E-7	0x2000'8024	float32_t	
[598]	3.17'409'274E-7	0x2000'8028	float32_t	
[599]	2.37'120'275E-7	0x2000'802c	float32_t	
[600]	2.03'992'229E-7	0x2000'8030	float32_t	
[601]	9.85'510'056E-8	0x2000'8034	float32_t	
[602]	2.01'542'662E-7	0x2000'8038	float32_t	
[603]	1.60'546'108E-7	0x2000'803c	float32_t	
[604]	1.49'836'836E-7	0x2000'8040	float32_t	
[605]	3.32'896'342E-8	0x2000'8044	float32_t	
[606]	4.62'676'013E-8	0x2000'8048	float32_t	
[607]	1.24'232'855E-7	0x2000'804c	float32_t	
[608]	3.82'922'565E-7	0x2000'8050	float32_t	
[609]	3.65'889'775E-7	0x2000'8054	float32_t	
[610]	6.62'749'926E-7	0x2000'8058	float32_t	
[611]	2.56'583'206E-7	0x2000'805c	float32_t	
[612]	1.3'677'402E-7	0x2000'8060	float32_t	
[613]	1.58'993'387E-7	0x2000'8064	float32_t	
[614]	1.9'074'858E-7	0x2000'8068	float32_t	
[615]	4.94'193'451E-8	0x2000'806c	float32_t	
[616]	3.73'770'376E-7	0x2000'8070	float32_t	
[617]	9.74'310'126E-8	0x2000'8074	float32_t	
[618]	1.6'765'604E-7	0x2000'8078	float32_t	
[619]	4.91'261'403E-7	0x2000'807c	float32_t	
[620]	2.79'276'122E-7	0x2000'8080	float32_t	
[621]	1.24'453'913E-6	0x2000'8084	float32_t	
[622]	1.18'366'518E-6	0x2000'8088	float32_t	
[623]	4.42'963'284E-7	0x2000'808c	float32_t	
[624]	9.79'760'671E-7	0x2000'8090	float32_t	
[625]	2.91'620'751E-7	0x2000'8094	float32_t	
[626]	5.31'751'766E-7	0x2000'8098	float32_t	
[627]	8.44'224'246E-8	0x2000'809c	float32_t	
[628]	6.98'549'414E-8	0x2000'80a0	float32_t	
[629]	3.80'749'754E-7	0x2000'80a4	float32_t	
[630]	6.54'815'508E-8	0x2000'80a8	float32_t	
[631]	3.28'489'676E-7	0x2000'80ac	float32_t	
[632]	1.45'076'967E-7	0x2000'80b0	float32_t	
[633]	2.30'959'216E-7	0x2000'80b4	float32_t	
[634]	3.74'285'662E-7	0x2000'80b8	float32_t	
[635]	4.96'256'416E-6	0x2000'80bc	float32_t	
[636]	3.04'384'628E-7	0x2000'80c0	float32_t	
[637]	4.87'912'928E-7	0x2000'80c4	float32_t	
[638]	2.93'759'996E-7	0x2000'80c8	float32_t	
[639]	1.58'851'833E-7	0x2000'80cc	float32_t	
[640]	3.06'187'758E-7	0x2000'80d0	float32_t	
[641]	1.19'361'388E-7	0x2000'80d4	float32_t	
[642]	2.2'861'596E-7	0x2000'80d8	float32_t	
[643]	1.34'173'206E-7	0x2000'80dc	float32_t	
[644]	2.42'867'628E-7	0x2000'80e0	float32_t	
[645]	1.85'680'818E-7	0x2000'80e4	float32_t	
[646]	2.84'771'033E-7	0x2000'80e8	float32_t	
[647]	3.13'633'365E-7	0x2000'80ec	float32_t	
[648]	7.1'049'493E-7	0x2000'80f0	float32_t	
[649]	1.08'706'296E-7	0x2000'80f4	float32_t	
[650]	1.33'116'174E-7	0x2000'80f8	float32_t	
[651]	2.89'547'103E-7	0x2000'80fc	float32_t	
[652]	3.85'764'849E-7	0x2000'8100	float32_t	
[653]	3.16'659'594E-7	0x2000'8104	float32_t	
[654]	2.66'746'895E-7	0x2000'8108	float32_t	
[655]	4.33'791'492E-8	0x2000'810c	float32_t	
[656]	2.06'417'823E-7	0x2000'8110	float32_t	
[657]	2.11'129'574E-7	0x2000'8114	float32_t	
[658]	1.57'273'988E-7	0x2000'8118	float32_t	
[659]	1.9'529'898E-7	0x2000'811c	float32_t	
[660]	6.92'142'578E-7	0x2000'8120	float32_t	
[661]	7.82'824'657E-7	0x2000'8124	float32_t	
[662]	5.03'754'563E-7	0x2000'8128	float32_t	
[663]	4.65'828'691E-7	0x2000'812c	float32_t	
[664]	1.50'074'911E-7	0x2000'8130	float32_t	
[665]	4.44'658'894E-7	0x2000'8134	float32_t	
[666]	2.15'400'334E-7	0x2000'8138	float32_t	
[667]	2.48'267'156E-7	0x2000'813c	float32_t	
[668]	3.60'255'285E-7	0x2000'8140	float32_t	
[669]	2.81'295'456E-7	0x2000'8144	float32_t	
[670]	2.74'074'154E-7	0x2000'8148	float32_t	
[671]	9.5'344'781E-8	0x2000'814c	float32_t	
[672]	2.892'466E-7	0x2000'8150	float32_t	
[673]	3.04'228'216E-8	0x2000'8154	float32_t	
[674]	3.32'664'626E-7	0x2000'8158	float32_t	
[675]	3.78'840'923E-7	0x2000'815c	float32_t	
[676]	2.87'991'554E-7	0x2000'8160	float32_t	
[677]	1.55'512'495E-7	0x2000'8164	float32_t	
[678]	2.25'793'542E-7	0x2000'8168	float32_t	
[679]	1.97'922'588E-7	0x2000'816c	float32_t	
[680]	1.20'698'672E-7	0x2000'8170	float32_t	
[681]	3.05'390'955E-7	0x2000'8174	float32_t	
[682]	2.41'500'828E-7	0x2000'8178	float32_t	
[683]	3.50'882'033E-7	0x2000'817c	float32_t	
[684]	3.55'905'797E-7	0x2000'8180	float32_t	
[685]	3.84'290'985E-7	0x2000'8184	float32_t	
[686]	8.87'083'388E-7	0x2000'8188	float32_t	
[687]	1.17'884'258E-6	0x2000'818c	float32_t	
[688]	8.57'288'853E-7	0x2000'8190	float32_t	
[689]	1.66'231'885E-7	0x2000'8194	float32_t	
[690]	1.28'417'909E-7	0x2000'8198	float32_t	
[691]	2.73'609'999E-7	0x2000'819c	float32_t	
[692]	4.26'899'561E-7	0x2000'81a0	float32_t	
[693]	4.00'129'579E-7	0x2000'81a4	float32_t	
[694]	3.343'782E-7	0x2000'81a8	float32_t	
[695]	3.05'661'899E-7	0x2000'81ac	float32_t	
[696]	1.54'780'821E-7	0x2000'81b0	float32_t	
[697]	1.488'782E-7	0x2000'81b4	float32_t	
[698]	2.21'156'782E-8	0x2000'81b8	float32_t	
[699]	3.0'665'305E-7	0x2000'81bc	float32_t	
[700]	3.86'964'103E-7	0x2000'81c0	float32_t	
[701]	4.80'827'396E-7	0x2000'81c4	float32_t	
[702]	4.35'082'057E-7	0x2000'81c8	float32_t	
[703]	5.858'912E-7	0x2000'81cc	float32_t	
[704]	2.67'374'674E-7	0x2000'81d0	float32_t	
[705]	3.59'215'136E-7	0x2000'81d4	float32_t	
[706]	7.5'563'338E-7	0x2000'81d8	float32_t	
[707]	5.86'556'268E-7	0x2000'81dc	float32_t	
[708]	9.32'021'294E-7	0x2000'81e0	float32_t	
[709]	5.49'184'563E-7	0x2000'81e4	float32_t	
[710]	6.30'244'131E-7	0x2000'81e8	float32_t	
[711]	1.24'164'865E-6	0x2000'81ec	float32_t	
[712]	9.48'373'326E-7	0x2000'81f0	float32_t	
[713]	6.56'165'594E-6	0x2000'81f4	float32_t	
[714]	2.96'591'247E-6	0x2000'81f8	float32_t	
[715]	1.28'157'308E-6	0x2000'81fc	float32_t	
[716]	1.67'935'752E-6	0x2000'8200	float32_t	
[717]	6.06'073'513E-7	0x2000'8204	float32_t	
[718]	6.94'002'722E-7	0x2000'8208	float32_t	
[719]	2.46'070'556E-7	0x2000'820c	float32_t	
[720]	6.88'851'074E-8	0x2000'8210	float32_t	
[721]	5.87'943'191E-7	0x2000'8214	float32_t	
[722]	2.61'151'825E-7	0x2000'8218	float32_t	
[723]	5.77'343'428E-7	0x2000'821c	float32_t	
[724]	3.41'580'915E-7	0x2000'8220	float32_t	
[725]	3.86'772'115E-7	0x2000'8224	float32_t	
[726]	1.11'835'966E-7	0x2000'8228	float32_t	
[727]	6.47'160'107E-7	0x2000'822c	float32_t	
[728]	3.97'878'324E-7	0x2000'8230	float32_t	
[729]	3.95'552'206E-7	0x2000'8234	float32_t	
[730]	4.61'147'834E-7	0x2000'8238	float32_t	
[731]	2.31'212'965E-7	0x2000'823c	float32_t	
[732]	3.77'087'616E-7	0x2000'8240	float32_t	
[733]	4.30'763'322E-7	0x2000'8244	float32_t	
[734]	3.84'617'579E-7	0x2000'8248	float32_t	
[735]	3.67'032'499E-7	0x2000'824c	float32_t	
[736]	4.08'190'637E-8	0x2000'8250	float32_t	
[737]	3.40'009'564E-7	0x2000'8254	float32_t	
[738]	7.05'661'932E-7	0x2000'8258	float32_t	
[739]	3.35'838'337E-7	0x2000'825c	float32_t	
[740]	6.078'007E-7	0x2000'8260	float32_t	
[741]	2.62'485'912E-7	0x2000'8264	float32_t	
[742]	1.82'996'587E-7	0x2000'8268	float32_t	
[743]	3.5'398'233E-7	0x2000'826c	float32_t	
[744]	9.9'330'407E-8	0x2000'8270	float32_t	
[745]	1.26'084'444E-7	0x2000'8274	float32_t	
[746]	7.28'778'602E-8	0x2000'8278	float32_t	
[747]	1.09'687'711E-7	0x2000'827c	float32_t	
[748]	6.89'476'352E-8	0x2000'8280	float32_t	
[749]	9.42'987'128E-8	0x2000'8284	float32_t	
[750]	1.36'593'101E-7	0x2000'8288	float32_t	
[751]	1.44'958'335E-7	0x2000'828c	float32_t	
[752]	2.6'320'734E-7	0x2000'8290	float32_t	
[753]	3.74'460'029E-7	0x2000'8294	float32_t	
[754]	1.59'736'459E-7	0x2000'8298	float32_t	
[755]	3.64'940'803E-7	0x2000'829c	float32_t	
[756]	1.2'121'366E-7	0x2000'82a0	float32_t	
[757]	3.6'226'541E-7	0x2000'82a4	float32_t	
[758]	1.96'105'816E-7	0x2000'82a8	float32_t	
[759]	1.7'212'426E-7	0x2000'82ac	float32_t	
[760]	3.82'371'809E-7	0x2000'82b0	float32_t	
[761]	2.68'541'413E-7	0x2000'82b4	float32_t	
[762]	4.68'533'358E-7	0x2000'82b8	float32_t	
[763]	2.92'343'316E-7	0x2000'82bc	float32_t	
[764]	7.5'791'803E-7	0x2000'82c0	float32_t	
[765]	3.75'933'808E-7	0x2000'82c4	float32_t	
[766]	1.83'728'886E-7	0x2000'82c8	float32_t	
[767]	2.61'312'294E-7	0x2000'82cc	float32_t	
[768]	2.58'986'802E-7	0x2000'82d0	float32_t	
[769]	2.18'150'291E-7	0x2000'82d4	float32_t	
[770]	3.44'261'593E-7	0x2000'82d8	float32_t	
[771]	2.52'277'459E-7	0x2000'82dc	float32_t	
[772]	1.32'321'986E-7	0x2000'82e0	float32_t	
[773]	2.40'432'172E-7	0x2000'82e4	float32_t	
[774]	1.98'598'457E-7	0x2000'82e8	float32_t	
[775]	4.7'699'632E-7	0x2000'82ec	float32_t	
[776]	3.9'249'349E-7	0x2000'82f0	float32_t	
[777]	4.2'567'217E-7	0x2000'82f4	float32_t	
[778]	1.46'592'231E-6	0x2000'82f8	float32_t	
[779]	2.04'159'008E-7	0x2000'82fc	float32_t	
[780]	1.07'296'991E-7	0x2000'8300	float32_t	
[781]	1.47'051'338E-7	0x2000'8304	float32_t	
[782]	3.58'376'809E-7	0x2000'8308	float32_t	
[783]	2.32'290'645E-7	0x2000'830c	float32_t	
[784]	4.21'513'619E-7	0x2000'8310	float32_t	
[785]	8.04'824'722E-8	0x2000'8314	float32_t	
[786]	2.6'444'664E-7	0x2000'8318	float32_t	
[787]	5.0'434'403E-7	0x2000'831c	float32_t	
[788]	1.88'689'228E-7	0x2000'8320	float32_t	
[789]	1.23'196'628E-6	0x2000'8324	float32_t	
[790]	3.37'589'228E-7	0x2000'8328	float32_t	
[791]	8.43'236'421E-7	0x2000'832c	float32_t	
[792]	1.05'457'423E-6	0x2000'8330	float32_t	
[793]	5.0'478'917E-7	0x2000'8334	float32_t	
[794]	5.50'563'414E-7	0x2000'8338	float32_t	
[795]	2.80'295'666E-7	0x2000'833c	float32_t	
[796]	2.24'792'629E-7	0x2000'8340	float32_t	
[797]	5.1'476'384E-8	0x2000'8344	float32_t	
[798]	4.94'285'786E-8	0x2000'8348	float32_t	
[799]	2.47'164'848E-7	0x2000'834c	float32_t	
[800]	2.29'988'984E-7	0x2000'8350	float32_t	
[801]	3.84'642'874E-7	0x2000'8354	float32_t	
[802]	3.7'056'725E-7	0x2000'8358	float32_t	
[803]	9.71'082'727E-7	0x2000'835c	float32_t	
[804]	4.44'917'475E-7	0x2000'8360	float32_t	
[805]	6.9'276'399E-7	0x2000'8364	float32_t	
[806]	1.85'624'287E-7	0x2000'8368	float32_t	
[807]	3.30'637'249E-7	0x2000'836c	float32_t	
[808]	6.60'802'115E-8	0x2000'8370	float32_t	
[809]	2.04'225'302E-7	0x2000'8374	float32_t	
[810]	2.15'771'322E-7	0x2000'8378	float32_t	
[811]	2.90'169'055E-7	0x2000'837c	float32_t	
[812]	2.6'790'326E-7	0x2000'8380	float32_t	
[813]	2.43'893'112E-7	0x2000'8384	float32_t	
[814]	2.46'113'501E-7	0x2000'8388	float32_t	
[815]	1.10'540'242E-7	0x2000'838c	float32_t	
[816]	1.18'771'162E-7	0x2000'8390	float32_t	
[817]	3.45'964'054E-7	0x2000'8394	float32_t	
[818]	3.42'181'039E-7	0x2000'8398	float32_t	
[819]	8.12'559'051E-8	0x2000'839c	float32_t	
[820]	5.25'746'415E-8	0x2000'83a0	float32_t	
[821]	1.15'256'412E-7	0x2000'83a4	float32_t	
[822]	9.22'561'938E-8	0x2000'83a8	float32_t	
[823]	8.47'299'617E-8	0x2000'83ac	float32_t	
[824]	3.25'948'918E-7	0x2000'83b0	float32_t	
[825]	2.1'309'107E-7	0x2000'83b4	float32_t	
[826]	3.34'648'916E-7	0x2000'83b8	float32_t	
[827]	1.12'941'407E-7	0x2000'83bc	float32_t	
[828]	5.4'539'985E-8	0x2000'83c0	float32_t	
[829]	4.34'491'369E-7	0x2000'83c4	float32_t	
[830]	3.89'709'044E-7	0x2000'83c8	float32_t	
[831]	3.45'089'745E-7	0x2000'83cc	float32_t	
[832]	4.09'074'062E-7	0x2000'83d0	float32_t	
[833]	4.54'239'853E-7	0x2000'83d4	float32_t	
[834]	4.15'919'345E-7	0x2000'83d8	float32_t	
[835]	2.96'841'165E-7	0x2000'83dc	float32_t	
[836]	2.38'959'188E-7	0x2000'83e0	float32_t	
[837]	3.20'392'388E-7	0x2000'83e4	float32_t	
[838]	3.72'645'786E-7	0x2000'83e8	float32_t	
[839]	3.23'229'926E-7	0x2000'83ec	float32_t	
[840]	4.91'897'367E-7	0x2000'83f0	float32_t	
[841]	4.64'082'973E-7	0x2000'83f4	float32_t	
[842]	4.78'049'174E-7	0x2000'83f8	float32_t	
[843]	7.0'528'273E-7	0x2000'83fc	float32_t	
[844]	3.45'551'825E-7	0x2000'8400	float32_t	
[845]	9.18'683'796E-8	0x2000'8404	float32_t	
[846]	5.62'189'996E-7	0x2000'8408	float32_t	
[847]	4.02'970'301E-7	0x2000'840c	float32_t	
[848]	5.77'660'956E-7	0x2000'8410	float32_t	
[849]	2.02'466'324E-7	0x2000'8414	float32_t	
[850]	1.98'920'972E-7	0x2000'8418	float32_t	
[851]	8.59'441'002E-7	0x2000'841c	float32_t	
[852]	5.52'130'416E-7	0x2000'8420	float32_t	
[853]	1.27'549'845E-6	0x2000'8424	float32_t	
[854]	5.51'685'503E-7	0x2000'8428	float32_t	
[855]	1.21'034'998E-6	0x2000'842c	float32_t	
[856]	1.58'574'596E-6	0x2000'8430	float32_t	
[857]	4.59'861'212E-7	0x2000'8434	float32_t	
[858]	9.43'872'578E-7	0x2000'8438	float32_t	
[859]	3.66'202'983E-7	0x2000'843c	float32_t	
[860]	1.3'898'773E-6	0x2000'8440	float32_t	
[861]	3.17'203'501E-7	0x2000'8444	float32_t	
[862]	1.28'122'508E-6	0x2000'8448	float32_t	
[863]	9.37'841'833E-7	0x2000'844c	float32_t	
[864]	6.71'544'342E-7	0x2000'8450	float32_t	
[865]	3.69'904'137E-6	0x2000'8454	float32_t	
[866]	2.16'857'529E-6	0x2000'8458	float32_t	
[867]	7.31'799'537E-6	0x2000'845c	float32_t	
[868]	5.5'003'602E-6	0x2000'8460	float32_t	
[869]	2.85'361'807E-6	0x2000'8464	float32_t	
[870]	6.94'983'555E-6	0x2000'8468	float32_t	
[871]	1.16'927'424E-6	0x2000'846c	float32_t	
[872]	2.550'815E-6	0x2000'8470	float32_t	
[873]	1.3'462'253E-6	0x2000'8474	float32_t	
[874]	8.41'622'011E-7	0x2000'8478	float32_t	
[875]	1.57'724'048E-6	0x2000'847c	float32_t	
[876]	3.40'562'366E-7	0x2000'8480	float32_t	
[877]	7.00'978'433E-7	0x2000'8484	float32_t	
[878]	9.90'321'382E-7	0x2000'8488	float32_t	
[879]	6.48'605'692E-7	0x2000'848c	float32_t	
[880]	1.23'361'497E-6	0x2000'8490	float32_t	
[881]	9.40'896'768E-7	0x2000'8494	float32_t	
[882]	6.08'430'696E-7	0x2000'8498	float32_t	
[883]	2.10'428'468E-7	0x2000'849c	float32_t	
[884]	1.43'567'647E-7	0x2000'84a0	float32_t	
[885]	7.64'797'676E-7	0x2000'84a4	float32_t	
[886]	3.80'502'968E-7	0x2000'84a8	float32_t	
[887]	1.06'669'961E-6	0x2000'84ac	float32_t	
[888]	5.01'138'913E-7	0x2000'84b0	float32_t	
[889]	8.42'051'634E-7	0x2000'84b4	float32_t	
[890]	4.83'410'872E-7	0x2000'84b8	float32_t	
[891]	7.90'844'922E-7	0x2000'84bc	float32_t	
[892]	1.30'969'272E-6	0x2000'84c0	float32_t	
[893]	1.01'972'932E-6	0x2000'84c4	float32_t	
[894]	1.03'516'504E-6	0x2000'84c8	float32_t	
[895]	1.18'832'838E-6	0x2000'84cc	float32_t	
[896]	6.87'148'201E-7	0x2000'84d0	float32_t	
[897]	4.92'903'098E-7	0x2000'84d4	float32_t	
[898]	5.09'130'757E-7	0x2000'84d8	float32_t	
[899]	9.67'105'734E-7	0x2000'84dc	float32_t	
[900]	4.4'983'949E-7	0x2000'84e0	float32_t	
[901]	3.94'487'927E-7	0x2000'84e4	float32_t	
[902]	3.46'158'146E-7	0x2000'84e8	float32_t	
[903]	1.44'141'182E-7	0x2000'84ec	float32_t	
[904]	3.90'332'872E-7	0x2000'84f0	float32_t	
[905]	3.30'575'944E-7	0x2000'84f4	float32_t	
[906]	2.54'312'425E-7	0x2000'84f8	float32_t	
[907]	9.19'506'363E-7	0x2000'84fc	float32_t	
[908]	5.60'589'058E-7	0x2000'8500	float32_t	
[909]	1.00'598'174E-6	0x2000'8504	float32_t	
[910]	5.68'017'185E-7	0x2000'8508	float32_t	
[911]	5.83'718'531E-7	0x2000'850c	float32_t	
[912]	6.22'960'329E-7	0x2000'8510	float32_t	
[913]	4.72'658'542E-7	0x2000'8514	float32_t	
[914]	1.29'252'112E-6	0x2000'8518	float32_t	
[915]	8.75'099'033E-7	0x2000'851c	float32_t	
[916]	1.12'078'396E-6	0x2000'8520	float32_t	
[917]	4.97'327'733E-7	0x2000'8524	float32_t	
[918]	5.50'673'462E-7	0x2000'8528	float32_t	
[919]	1.14'506'781E-6	0x2000'852c	float32_t	
[920]	6.51'275'911E-7	0x2000'8530	float32_t	
[921]	1.98'757'698E-6	0x2000'8534	float32_t	
[922]	3.2'575'798E-7	0x2000'8538	float32_t	
[923]	6.61'956'392E-7	0x2000'853c	float32_t	
[924]	6.72'543'422E-7	0x2000'8540	float32_t	
[925]	1.63'609'755E-7	0x2000'8544	float32_t	
[926]	5.22'594'746E-7	0x2000'8548	float32_t	
[927]	7.74'207'706E-7	0x2000'854c	float32_t	
[928]	5.52'757'456E-7	0x2000'8550	float32_t	
[929]	1.98'995'576E-6	0x2000'8554	float32_t	
[930]	1.27'045'803E-6	0x2000'8558	float32_t	
[931]	1.81'268'911E-6	0x2000'855c	float32_t	
[932]	1.06'639'732E-6	0x2000'8560	float32_t	
[933]	8.73'837'678E-7	0x2000'8564	float32_t	
[934]	2.11'431'484E-6	0x2000'8568	float32_t	
[935]	1.59'586'443E-6	0x2000'856c	float32_t	
[936]	2.8'749'937E-6	0x2000'8570	float32_t	
[937]	1.40'040'697E-6	0x2000'8574	float32_t	
[938]	2.15'458'067E-6	0x2000'8578	float32_t	
[939]	8.41'443'523E-7	0x2000'857c	float32_t	
[940]	1.02'014'224E-6	0x2000'8580	float32_t	
[941]	3.35'211'075E-6	0x2000'8584	float32_t	
[942]	2.73'090'791E-6	0x2000'8588	float32_t	
[943]	7.02'364'196E-6	0x2000'858c	float32_t	
[944]	4.20'837'432E-6	0x2000'8590	float32_t	
[945]	1.12'585'567E-5	0x2000'8594	float32_t	
[946]	2.54'159'913E-5	0x2000'8598	float32_t	
[947]	4.98'837'016E-6	0x2000'859c	float32_t	
[948]	5.60'122'953E-6	0x2000'85a0	float32_t	
[949]	3.35'468'803E-6	0x2000'85a4	float32_t	
[950]	1.90'252'626E-6	0x2000'85a8	float32_t	
[951]	4.48'377'432E-6	0x2000'85ac	float32_t	
[952]	2.68'358'485E-6	0x2000'85b0	float32_t	
[953]	2.95'078'894E-6	0x2000'85b4	float32_t	
[954]	1.7'516'295E-6	0x2000'85b8	float32_t	
[955]	9.46'061'505E-7	0x2000'85bc	float32_t	
[956]	2.47'627'167E-6	0x2000'85c0	float32_t	
[957]	1.58'710'873E-6	0x2000'85c4	float32_t	
[958]	2.21'793'175E-6	0x2000'85c8	float32_t	
[959]	1.19'519'518E-6	0x2000'85cc	float32_t	
[960]	1.00'965'042E-6	0x2000'85d0	float32_t	
[961]	1.68'801'961E-7	0x2000'85d4	float32_t	
[962]	7.09'841'231E-7	0x2000'85d8	float32_t	
[963]	4.95'832'353E-7	0x2000'85dc	float32_t	
[964]	8.53'602'842E-7	0x2000'85e0	float32_t	
[965]	1.26'457'746E-6	0x2000'85e4	float32_t	
[966]	1.00'250'918E-6	0x2000'85e8	float32_t	
[967]	1.32'073'717E-6	0x2000'85ec	float32_t	
[968]	4.84'056'443E-7	0x2000'85f0	float32_t	
[969]	9.0'657'602E-7	0x2000'85f4	float32_t	
[970]	8.64'702'088E-7	0x2000'85f8	float32_t	
[971]	8.59'074'362E-7	0x2000'85fc	float32_t	
[972]	1.27'675'619E-7	0x2000'8600	float32_t	
[973]	1.18'202'081E-6	0x2000'8604	float32_t	
[974]	5.76'044'897E-7	0x2000'8608	float32_t	
[975]	8.0'703'478E-7	0x2000'860c	float32_t	
[976]	4.45'910'501E-7	0x2000'8610	float32_t	
[977]	5.74'627'279E-7	0x2000'8614	float32_t	
[978]	5.73'332'443E-7	0x2000'8618	float32_t	
[979]	6.40'867'881E-7	0x2000'861c	float32_t	
[980]	1.15'268'415E-6	0x2000'8620	float32_t	
[981]	7.81'600'249E-7	0x2000'8624	float32_t	
[982]	1.06'550'249E-6	0x2000'8628	float32_t	
[983]	4.24'172'953E-7	0x2000'862c	float32_t	
[984]	1.05'856'236E-6	0x2000'8630	float32_t	
[985]	6.4'341'566E-7	0x2000'8634	float32_t	
[986]	3.0'230'359E-7	0x2000'8638	float32_t	
[987]	5.59'360'274E-7	0x2000'863c	float32_t	
[988]	6.39'902'339E-7	0x2000'8640	float32_t	
[989]	7.31'646'537E-7	0x2000'8644	float32_t	
[990]	4.93'512'232E-7	0x2000'8648	float32_t	
[991]	7.93'586'025E-7	0x2000'864c	float32_t	
[992]	3.56'646'098E-7	0x2000'8650	float32_t	
[993]	6.49'373'078E-7	0x2000'8654	float32_t	
[994]	8.70'454'414E-7	0x2000'8658	float32_t	
[995]	3.98'030'608E-7	0x2000'865c	float32_t	
[996]	3.88'372'371E-7	0x2000'8660	float32_t	
[997]	3.08'702'568E-7	0x2000'8664	float32_t	
[998]	7.16'039'494E-7	0x2000'8668	float32_t	
[999]	5.3'172'198E-7	0x2000'866c	float32_t	
[1000]	3.82'426'521E-7	0x2000'8670	float32_t	
[1001]	5.73'706'472E-7	0x2000'8674	float32_t	
[1002]	9.27'690'451E-7	0x2000'8678	float32_t	
[1003]	9.81'904'691E-7	0x2000'867c	float32_t	
[1004]	1.10'176'916E-6	0x2000'8680	float32_t	
[1005]	9.51'242'328E-7	0x2000'8684	float32_t	
[1006]	7.35'868'127E-7	0x2000'8688	float32_t	
[1007]	6.63'426'931E-7	0x2000'868c	float32_t	
[1008]	4.71'471'623E-7	0x2000'8690	float32_t	
[1009]	7.79'305'708E-7	0x2000'8694	float32_t	
[1010]	3.18'584'995E-7	0x2000'8698	float32_t	
[1011]	1.26'000'441E-6	0x2000'869c	float32_t	
[1012]	3.07'748'451E-7	0x2000'86a0	float32_t	
[1013]	3.81'262'907E-7	0x2000'86a4	float32_t	
[1014]	1.48'692'749E-7	0x2000'86a8	float32_t	
[1015]	3.60'455'239E-8	0x2000'86ac	float32_t	
[1016]	5.2'241'711E-7	0x2000'86b0	float32_t	
[1017]	7.65'025'959E-7	0x2000'86b4	float32_t	
[1018]	9.17'711'532E-7	0x2000'86b8	float32_t	
[1019]	9.45'591'239E-7	0x2000'86bc	float32_t	
[1020]	3.81'566'053E-7	0x2000'86c0	float32_t	
[1021]	8.70'141'776E-7	0x2000'86c4	float32_t	
[1022]	7.75'417'106E-7	0x2000'86c8	float32_t	
[1023]	7.93'654'692E-7	0x2000'86cc	float32_t	
